[01m[K/home/w0x7ce/Desktop/AMAKE/A/PC_Control/src/motor_control_rclcpp/src/get_speed.cpp:16:41:[m[K [01;31m[Kerror: [m[Kâ€˜[01m[KInt32[m[Kâ€™ is not a member of â€˜[01m[Kstd_msgs::msg[m[Kâ€™
   16 |     rclcpp::Subscription<std_msgs::msg::[01;31m[KInt32[m[K>::SharedPtr command_subscribe_;
      |                                         [01;31m[K^~~~~[m[K
[01m[K/home/w0x7ce/Desktop/AMAKE/A/PC_Control/src/motor_control_rclcpp/src/get_speed.cpp:16:46:[m[K [01;31m[Kerror: [m[Ktemplate argument 1 is invalid
   16 |     rclcpp::Subscription<std_msgs::msg::Int32[01;31m[K>[m[K::SharedPtr command_subscribe_;
      |                                              [01;31m[K^[m[K
[01m[K/home/w0x7ce/Desktop/AMAKE/A/PC_Control/src/motor_control_rclcpp/src/get_speed.cpp:16:46:[m[K [01;31m[Kerror: [m[Ktemplate argument 3 is invalid
[01m[K/home/w0x7ce/Desktop/AMAKE/A/PC_Control/src/motor_control_rclcpp/src/get_speed.cpp:16:46:[m[K [01;31m[Kerror: [m[Ktemplate argument 4 is invalid
[01m[K/home/w0x7ce/Desktop/AMAKE/A/PC_Control/src/motor_control_rclcpp/src/get_speed.cpp:16:46:[m[K [01;31m[Kerror: [m[Ktemplate argument 5 is invalid
[01m[K/home/w0x7ce/Desktop/AMAKE/A/PC_Control/src/motor_control_rclcpp/src/get_speed.cpp:16:49:[m[K [01;31m[Kerror: [m[Kexpected â€˜[01m[K;[m[Kâ€™ at end of member declaration
   16 |     rclcpp::Subscription<std_msgs::msg::Int32>::[01;31m[KSharedPtr[m[K command_subscribe_;
      |                                                 [01;31m[K^~~~~~~~~[m[K
      |                                                          [32m[K;[m[K
[01m[K/home/w0x7ce/Desktop/AMAKE/A/PC_Control/src/motor_control_rclcpp/src/get_speed.cpp:16:59:[m[K [01;31m[Kerror: [m[Kâ€˜[01m[Kcommand_subscribe_[m[Kâ€™ does not name a type
   16 | p::Subscription<std_msgs::msg::Int32>::SharedPtr [01;31m[Kcommand_subscribe_[m[K;
      |                                                  [01;31m[K^~~~~~~~~~~~~~~~~~[m[K

[01m[K/home/w0x7ce/Desktop/AMAKE/A/PC_Control/src/motor_control_rclcpp/src/get_speed.cpp:[m[K In constructor â€˜[01m[KTopicSubscribe01::TopicSubscribe01(std::string)[m[Kâ€™:
[01m[K/home/w0x7ce/Desktop/AMAKE/A/PC_Control/src/motor_control_rclcpp/src/get_speed.cpp:11:9:[m[K [01;31m[Kerror: [m[Kâ€˜[01m[Kcommand_subscribe_[m[Kâ€™ was not declared in this scope; did you mean â€˜[01m[Kcount_subscribers[m[Kâ€™?
   11 |         [01;31m[Kcommand_subscribe_[m[K = this->create_subscription<std_msgs::msg::Int32>("pico_publisher_encoder", 10, std::bind(&TopicSubscribe01::command_callback, this, std::placeholders::_1));
      |         [01;31m[K^~~~~~~~~~~~~~~~~~[m[K
      |         [32m[Kcount_subscribers[m[K
[01m[K/home/w0x7ce/Desktop/AMAKE/A/PC_Control/src/motor_control_rclcpp/src/get_speed.cpp:11:71:[m[K [01;31m[Kerror: [m[Kâ€˜[01m[KInt32[m[Kâ€™ is not a member of â€˜[01m[Kstd_msgs::msg[m[Kâ€™
   11 | ribe_ = this->create_subscription<std_msgs::msg::[01;31m[KInt32[m[K>("pico_publisher_encoder", 10, std::bind(&TopicSubscribe01::command_callback, this, std::placeholders::_1));
      |                                                  [01;31m[K^~~~~[m[K

[01m[K/home/w0x7ce/Desktop/AMAKE/A/PC_Control/src/motor_control_rclcpp/src/get_speed.cpp:11:77:[m[K [01;31m[Kerror: [m[Kno matching function for call to â€˜[01m[KTopicSubscribe01::create_subscription<<expression error> >(const char [23], int, std::_Bind_helper<false, void (TopicSubscribe01::*)(std::shared_ptr<std_msgs::msg::String_<std::allocator<void> > >), TopicSubscribe01*, const std::_Placeholder<1>&>::type)[m[Kâ€™
   11 | = [01;31m[Kthis->create_subscription<std_msgs::msg::Int32>("pico_publisher_encoder", 10, std::bind(&TopicSubscribe01::command_callback, this, std::placeholders::_1))[m[K;
      |   [01;31m[K~~~~~~~~~~~~~~~~~~~~~~~~~~~~~~~~~~~~~~~~~~~~~~~^~~~~~~~~~~~~~~~~~~~~~~~~~~~~~~~~~~~~~~~~~~~~~~~~~~~~~~~~~~~~~~~~~~~~~~~~~~~~~~~~~~~~~~~~~~~~~~~~~~~~~~~~~~[m[K

In file included from [01m[K/opt/ros/humble/include/rclcpp/rclcpp/executors/single_threaded_executor.hpp:28[m[K,
                 from [01m[K/opt/ros/humble/include/rclcpp/rclcpp/executors.hpp:22[m[K,
                 from [01m[K/opt/ros/humble/include/rclcpp/rclcpp/rclcpp.hpp:155[m[K,
                 from [01m[K/home/w0x7ce/Desktop/AMAKE/A/PC_Control/src/motor_control_rclcpp/src/get_speed.cpp:1[m[K:
[01m[K/opt/ros/humble/include/rclcpp/rclcpp/node.hpp:219:3:[m[K [01;36m[Knote: [m[Kcandidate: â€˜[01m[Ktemplate<class MessageT, class CallbackT, class AllocatorT, class SubscriptionT, class MessageMemoryStrategyT> std::shared_ptr<ROSMessageT> rclcpp::Node::create_subscription(const string&, const rclcpp::QoS&, CallbackT&&, const rclcpp::SubscriptionOptionsWithAllocator<AllocatorT>&, typename MessageMemoryStrategyT::SharedPtr)[m[Kâ€™
  219 |   [01;36m[Kcreate_subscription[m[K(
      |   [01;36m[K^~~~~~~~~~~~~~~~~~~[m[K
[01m[K/opt/ros/humble/include/rclcpp/rclcpp/node.hpp:219:3:[m[K [01;36m[Knote: [m[K  template argument deduction/substitution failed:
[01m[K/home/w0x7ce/Desktop/AMAKE/A/PC_Control/src/motor_control_rclcpp/src/get_speed.cpp:11:77:[m[K [01;31m[Kerror: [m[Ktemplate argument 1 is invalid
   11 | = [01;31m[Kthis->create_subscription<std_msgs::msg::Int32>("pico_publisher_encoder", 10, std::bind(&TopicSubscribe01::command_callback, this, std::placeholders::_1))[m[K;
      |   [01;31m[K~~~~~~~~~~~~~~~~~~~~~~~~~~~~~~~~~~~~~~~~~~~~~~~^~~~~~~~~~~~~~~~~~~~~~~~~~~~~~~~~~~~~~~~~~~~~~~~~~~~~~~~~~~~~~~~~~~~~~~~~~~~~~~~~~~~~~~~~~~~~~~~~~~~~~~~~~~[m[K

gmake[2]: *** [CMakeFiles/get_speed.dir/build.make:76: CMakeFiles/get_speed.dir/src/get_speed.cpp.o] Error 1
gmake[1]: *** [CMakeFiles/Makefile2:87: CMakeFiles/get_speed.dir/all] Error 2
gmake: *** [Makefile:146: all] Error 2
