[0.034s] Invoking command in '/home/w0x7ce/Desktop/AMAKE/A/PC_Control/build/motor_control_rclcpp': CMAKE_PREFIX_PATH=${CMAKE_PREFIX_PATH}:/opt/ros/humble CONDA_PROMPT_MODIFIER=(base) /usr/bin/cmake --build /home/w0x7ce/Desktop/AMAKE/A/PC_Control/build/motor_control_rclcpp -- -j4 -l4
[0.069s] [35m[1mConsolidate compiler generated dependencies of target get_speed[0m
[0.080s] [ 50%] Built target change_speed
[0.085s] [ 75%] [32mBuilding CXX object CMakeFiles/get_speed.dir/src/get_speed.cpp.o[0m
[2.148s] [01m[K/home/w0x7ce/Desktop/AMAKE/A/PC_Control/src/motor_control_rclcpp/src/get_speed.cpp:16:41:[m[K [01;31m[Kerror: [m[Kâ€˜[01m[KInt32[m[Kâ€™ is not a member of â€˜[01m[Kstd_msgs::msg[m[Kâ€™
[2.148s]    16 |     rclcpp::Subscription<std_msgs::msg::[01;31m[KInt32[m[K>::SharedPtr command_subscribe_;
[2.148s]       |                                         [01;31m[K^~~~~[m[K
[2.149s] [01m[K/home/w0x7ce/Desktop/AMAKE/A/PC_Control/src/motor_control_rclcpp/src/get_speed.cpp:16:46:[m[K [01;31m[Kerror: [m[Ktemplate argument 1 is invalid
[2.149s]    16 |     rclcpp::Subscription<std_msgs::msg::Int32[01;31m[K>[m[K::SharedPtr command_subscribe_;
[2.149s]       |                                              [01;31m[K^[m[K
[2.149s] [01m[K/home/w0x7ce/Desktop/AMAKE/A/PC_Control/src/motor_control_rclcpp/src/get_speed.cpp:16:46:[m[K [01;31m[Kerror: [m[Ktemplate argument 3 is invalid
[2.149s] [01m[K/home/w0x7ce/Desktop/AMAKE/A/PC_Control/src/motor_control_rclcpp/src/get_speed.cpp:16:46:[m[K [01;31m[Kerror: [m[Ktemplate argument 4 is invalid
[2.149s] [01m[K/home/w0x7ce/Desktop/AMAKE/A/PC_Control/src/motor_control_rclcpp/src/get_speed.cpp:16:46:[m[K [01;31m[Kerror: [m[Ktemplate argument 5 is invalid
[2.171s] [01m[K/home/w0x7ce/Desktop/AMAKE/A/PC_Control/src/motor_control_rclcpp/src/get_speed.cpp:16:49:[m[K [01;31m[Kerror: [m[Kexpected â€˜[01m[K;[m[Kâ€™ at end of member declaration
[2.171s]    16 |     rclcpp::Subscription<std_msgs::msg::Int32>::[01;31m[KSharedPtr[m[K command_subscribe_;
[2.171s]       |                                                 [01;31m[K^~~~~~~~~[m[K
[2.171s]       |                                                          [32m[K;[m[K
[2.179s] [01m[K/home/w0x7ce/Desktop/AMAKE/A/PC_Control/src/motor_control_rclcpp/src/get_speed.cpp:16:59:[m[K [01;31m[Kerror: [m[Kâ€˜[01m[Kcommand_subscribe_[m[Kâ€™ does not name a type
[2.180s]    16 | p::Subscription<std_msgs::msg::Int32>::SharedPtr [01;31m[Kcommand_subscribe_[m[K;
[2.180s]       |                                                  [01;31m[K^~~~~~~~~~~~~~~~~~[m[K
[2.180s] 
[2.218s] [01m[K/home/w0x7ce/Desktop/AMAKE/A/PC_Control/src/motor_control_rclcpp/src/get_speed.cpp:18:48:[m[K [01;31m[Kerror: [m[Kâ€˜[01m[KInt32[m[Kâ€™ in namespace â€˜[01m[Kstd_msgs::msg[m[Kâ€™ does not name a type
[2.219s]    18 |     void command_callback(const std_msgs::msg::[01;31m[KInt32[m[K::SharedPtr msg)
[2.219s]       |                                                [01;31m[K^~~~~[m[K
[2.219s] [01m[K/home/w0x7ce/Desktop/AMAKE/A/PC_Control/src/motor_control_rclcpp/src/get_speed.cpp:18:65:[m[K [01;31m[Kerror: [m[Kexpected unqualified-id before â€˜[01m[Kmsg[m[Kâ€™
[2.219s]    18 |  command_callback(const std_msgs::msg::Int32::SharedPtr [01;31m[Kmsg[m[K)
[2.219s]       |                                                         [01;31m[K^~~[m[K
[2.220s] 
[2.220s] [01m[K/home/w0x7ce/Desktop/AMAKE/A/PC_Control/src/motor_control_rclcpp/src/get_speed.cpp:18:64:[m[K [01;31m[Kerror: [m[Kexpected â€˜[01m[K)[m[Kâ€™ before â€˜[01m[Kmsg[m[Kâ€™
[2.220s]    18 |  command_callback[34m[K([m[Kconst std_msgs::msg::Int32::SharedPtr[01;31m[K [m[K[32m[Kmsg[m[K)
[2.220s]       |                  [34m[K~[m[K                                     [01;31m[K^[m[K[32m[K~~~[m[K
[2.220s]       |                                                        [32m[K)[m[K
[2.221s] [01m[K/home/w0x7ce/Desktop/AMAKE/A/PC_Control/src/motor_control_rclcpp/src/get_speed.cpp:18:55:[m[K [01;31m[Kerror: [m[Kexpected â€˜[01m[K;[m[Kâ€™ at end of member declaration
[2.221s]    18 | oid command_callback(const std_msgs::msg::Int32::[01;31m[KSharedPtr[m[K msg)
[2.221s]       |                                                  [01;31m[K^~~~~~~~~[m[K
[2.221s]       |                                                           [32m[K;[m[K
[2.222s] [01m[K/home/w0x7ce/Desktop/AMAKE/A/PC_Control/src/motor_control_rclcpp/src/get_speed.cpp:18:65:[m[K [01;31m[Kerror: [m[Kâ€˜[01m[Kmsg[m[Kâ€™ does not name a type
[2.222s]    18 |  command_callback(const std_msgs::msg::Int32::SharedPtr [01;31m[Kmsg[m[K)
[2.222s]       |                                                         [01;31m[K^~~[m[K
[2.222s] 
[2.266s] [01m[K/home/w0x7ce/Desktop/AMAKE/A/PC_Control/src/motor_control_rclcpp/src/get_speed.cpp:26:6:[m[K [01;35m[Kwarning: [m[Kextra â€˜[01m[K;[m[Kâ€™ [[01;35m[K]8;;https://gcc.gnu.org/onlinedocs/gcc/Warning-Options.html#index-Wpedantic-Wpedantic]8;;[m[K]
[2.267s]    26 |     }[01;35m[K;[m[K
[2.267s]       |      [01;35m[K^[m[K
[2.267s]       |      [31m[K-[m[K
[2.295s] [01m[K/home/w0x7ce/Desktop/AMAKE/A/PC_Control/src/motor_control_rclcpp/src/get_speed.cpp:[m[K In constructor â€˜[01m[KTopicSubscribe01::TopicSubscribe01(std::string)[m[Kâ€™:
[2.295s] [01m[K/home/w0x7ce/Desktop/AMAKE/A/PC_Control/src/motor_control_rclcpp/src/get_speed.cpp:11:9:[m[K [01;31m[Kerror: [m[Kâ€˜[01m[Kcommand_subscribe_[m[Kâ€™ was not declared in this scope; did you mean â€˜[01m[Kcount_subscribers[m[Kâ€™?
[2.296s]    11 |         [01;31m[Kcommand_subscribe_[m[K = this->create_subscription<std_msgs::msg::Int32>("pico_publisher_encoder", 10, std::bind(&TopicSubscribe01::command_callback, this, std::placeholders::_1));
[2.296s]       |         [01;31m[K^~~~~~~~~~~~~~~~~~[m[K
[2.296s]       |         [32m[Kcount_subscribers[m[K
[2.296s] [01m[K/home/w0x7ce/Desktop/AMAKE/A/PC_Control/src/motor_control_rclcpp/src/get_speed.cpp:11:71:[m[K [01;31m[Kerror: [m[Kâ€˜[01m[KInt32[m[Kâ€™ is not a member of â€˜[01m[Kstd_msgs::msg[m[Kâ€™
[2.296s]    11 | ribe_ = this->create_subscription<std_msgs::msg::[01;31m[KInt32[m[K>("pico_publisher_encoder", 10, std::bind(&TopicSubscribe01::command_callback, this, std::placeholders::_1));
[2.297s]       |                                                  [01;31m[K^~~~~[m[K
[2.297s] 
[2.305s] [01m[K/home/w0x7ce/Desktop/AMAKE/A/PC_Control/src/motor_control_rclcpp/src/get_speed.cpp:11:77:[m[K [01;31m[Kerror: [m[Kno matching function for call to â€˜[01m[KTopicSubscribe01::create_subscription<<expression error> >(const char [23], int, std::_Bind_helper<false, void (TopicSubscribe01::*)(...), TopicSubscribe01*, const std::_Placeholder<1>&>::type)[m[Kâ€™
[2.305s]    11 | = [01;31m[Kthis->create_subscription<std_msgs::msg::Int32>("pico_publisher_encoder", 10, std::bind(&TopicSubscribe01::command_callback, this, std::placeholders::_1))[m[K;
[2.305s]       |   [01;31m[K~~~~~~~~~~~~~~~~~~~~~~~~~~~~~~~~~~~~~~~~~~~~~~~^~~~~~~~~~~~~~~~~~~~~~~~~~~~~~~~~~~~~~~~~~~~~~~~~~~~~~~~~~~~~~~~~~~~~~~~~~~~~~~~~~~~~~~~~~~~~~~~~~~~~~~~~~~[m[K
[2.305s] 
[2.305s] In file included from [01m[K/opt/ros/humble/include/rclcpp/rclcpp/executors/single_threaded_executor.hpp:28[m[K,
[2.306s]                  from [01m[K/opt/ros/humble/include/rclcpp/rclcpp/executors.hpp:22[m[K,
[2.306s]                  from [01m[K/opt/ros/humble/include/rclcpp/rclcpp/rclcpp.hpp:155[m[K,
[2.306s]                  from [01m[K/home/w0x7ce/Desktop/AMAKE/A/PC_Control/src/motor_control_rclcpp/src/get_speed.cpp:1[m[K:
[2.306s] [01m[K/opt/ros/humble/include/rclcpp/rclcpp/node.hpp:219:3:[m[K [01;36m[Knote: [m[Kcandidate: â€˜[01m[Ktemplate<class MessageT, class CallbackT, class AllocatorT, class SubscriptionT, class MessageMemoryStrategyT> std::shared_ptr<ROSMessageT> rclcpp::Node::create_subscription(const string&, const rclcpp::QoS&, CallbackT&&, const rclcpp::SubscriptionOptionsWithAllocator<AllocatorT>&, typename MessageMemoryStrategyT::SharedPtr)[m[Kâ€™
[2.306s]   219 |   [01;36m[Kcreate_subscription[m[K(
[2.306s]       |   [01;36m[K^~~~~~~~~~~~~~~~~~~[m[K
[2.306s] [01m[K/opt/ros/humble/include/rclcpp/rclcpp/node.hpp:219:3:[m[K [01;36m[Knote: [m[K  template argument deduction/substitution failed:
[2.306s] [01m[K/home/w0x7ce/Desktop/AMAKE/A/PC_Control/src/motor_control_rclcpp/src/get_speed.cpp:11:77:[m[K [01;31m[Kerror: [m[Ktemplate argument 1 is invalid
[2.306s]    11 | = [01;31m[Kthis->create_subscription<std_msgs::msg::Int32>("pico_publisher_encoder", 10, std::bind(&TopicSubscribe01::command_callback, this, std::placeholders::_1))[m[K;
[2.306s]       |   [01;31m[K~~~~~~~~~~~~~~~~~~~~~~~~~~~~~~~~~~~~~~~~~~~~~~~^~~~~~~~~~~~~~~~~~~~~~~~~~~~~~~~~~~~~~~~~~~~~~~~~~~~~~~~~~~~~~~~~~~~~~~~~~~~~~~~~~~~~~~~~~~~~~~~~~~~~~~~~~~[m[K
[2.307s] 
[2.716s] gmake[2]: *** [CMakeFiles/get_speed.dir/build.make:76: CMakeFiles/get_speed.dir/src/get_speed.cpp.o] Error 1
[2.716s] gmake[1]: *** [CMakeFiles/Makefile2:87: CMakeFiles/get_speed.dir/all] Error 2
[2.716s] gmake: *** [Makefile:146: all] Error 2
[2.718s] Invoked command in '/home/w0x7ce/Desktop/AMAKE/A/PC_Control/build/motor_control_rclcpp' returned '2': CMAKE_PREFIX_PATH=${CMAKE_PREFIX_PATH}:/opt/ros/humble CONDA_PROMPT_MODIFIER=(base) /usr/bin/cmake --build /home/w0x7ce/Desktop/AMAKE/A/PC_Control/build/motor_control_rclcpp -- -j4 -l4
